<?xml version="1.0" encoding="UTF-8"?>
<testng-results skipped="0" failed="0" total="16" passed="16">
  <reporter-output>
  </reporter-output>
  <suite name="Default suite" duration-ms="6040" started-at="2011-12-15T10:19:57Z" finished-at="2011-12-15T10:20:03Z">
    <groups>
    </groups>
    <test name="Default test" duration-ms="6040" started-at="2011-12-15T10:19:57Z" finished-at="2011-12-15T10:20:03Z">
      <class name="javateam2.LRUMapTest">
        <test-method status="PASS" signature="testConstructorException()" name="testConstructorException" duration-ms="11" started-at="2011-12-15T10:19:57Z" finished-at="2011-12-15T10:19:57Z">
        </test-method>
        <test-method status="PASS" signature="testConstructorSize()" name="testConstructorSize" duration-ms="0" started-at="2011-12-15T10:19:57Z" finished-at="2011-12-15T10:19:57Z">
        </test-method>
        <test-method status="PASS" signature="testConstructorType1()" name="testConstructorType1" duration-ms="0" started-at="2011-12-15T10:19:57Z" finished-at="2011-12-15T10:19:57Z">
        </test-method>
        <test-method status="PASS" signature="testConstructorType2()" name="testConstructorType2" duration-ms="1" started-at="2011-12-15T10:19:57Z" finished-at="2011-12-15T10:19:57Z">
        </test-method>
        <test-method status="PASS" signature="testDiscardWithTime()" name="testDiscardWithTime" duration-ms="1001" started-at="2011-12-15T10:19:57Z" finished-at="2011-12-15T10:19:58Z">
        </test-method>
        <test-method status="PASS" signature="testDiscardWithTime2()" name="testDiscardWithTime2" duration-ms="2001" started-at="2011-12-15T10:19:58Z" finished-at="2011-12-15T10:20:00Z">
        </test-method>
        <test-method status="PASS" signature="testDiscardWithTime3()" name="testDiscardWithTime3" duration-ms="3001" started-at="2011-12-15T10:20:00Z" finished-at="2011-12-15T10:20:03Z">
        </test-method>
        <test-method status="PASS" signature="testGetNull()" name="testGetNull" duration-ms="1" started-at="2011-12-15T10:20:03Z" finished-at="2011-12-15T10:20:03Z">
        </test-method>
        <test-method status="PASS" signature="testGetNull2()" name="testGetNull2" duration-ms="1" started-at="2011-12-15T10:20:03Z" finished-at="2011-12-15T10:20:03Z">
        </test-method>
        <test-method status="PASS" signature="testPut()" name="testPut" duration-ms="1" started-at="2011-12-15T10:20:03Z" finished-at="2011-12-15T10:20:03Z">
        </test-method>
        <test-method status="PASS" signature="testPutSameKey()" name="testPutSameKey" duration-ms="1" started-at="2011-12-15T10:20:03Z" finished-at="2011-12-15T10:20:03Z">
        </test-method>
        <test-method status="PASS" signature="testResize()" name="testResize" duration-ms="1" started-at="2011-12-15T10:20:03Z" finished-at="2011-12-15T10:20:03Z">
        </test-method>
        <test-method status="PASS" signature="testResize2()" name="testResize2" duration-ms="1" started-at="2011-12-15T10:20:03Z" finished-at="2011-12-15T10:20:03Z">
        </test-method>
        <test-method status="PASS" signature="testResize3()" name="testResize3" duration-ms="0" started-at="2011-12-15T10:20:03Z" finished-at="2011-12-15T10:20:03Z">
        </test-method>
        <test-method status="PASS" signature="testSize()" name="testSize" duration-ms="0" started-at="2011-12-15T10:20:03Z" finished-at="2011-12-15T10:20:03Z">
        </test-method>
        <test-method status="PASS" signature="testSize3()" name="testSize3" duration-ms="0" started-at="2011-12-15T10:20:03Z" finished-at="2011-12-15T10:20:03Z">
        </test-method>
      </class>
    </test>
  </suite>
</testng-results>
